     1                                  ; yes - infinite loop printing "y\n"
     2                                  BITS 32
     3                                  ORG 0x08048000                 ; Standard Linux ELF load address
     4                                  
     5                                  ; ELF Header (52 bytes)
     6                                  ehdr:
     7 00000000 7F454C4601010100            db 0x7F, "ELF", 1, 1, 1, 0 ; Magic Number + 32-bit little-endian
     8 00000008 00<rep 8h>                  times 8 db 0               ; Padding
     9 00000010 0200                        dw 2                       ; Type: ET_EXEC
    10 00000012 0300                        dw 3                       ; Machine: x86
    11 00000014 01000000                    dd 1                       ; Version
    12 00000018 [54000000]                  dd _start                  ; Entry Point
    13 0000001C 34000000                    dd phdr - $$               ; Program Header Offset
    14 00000020 0000000000000000            dd 0, 0                    ; No section headers
    15 00000028 34002000                    dw 0x34, 0x20              ; ELF Header Size, Program Header Size
    16 0000002C 0100                        dw 1                       ; Number of Program Headers
    17 0000002E 000000000000                dw 0, 0, 0                 ; No section headers
    18                                  
    19                                  ; Program Header (32 bytes)
    20                                  phdr:                          ; Program Header
    21 00000034 01000000                    dd 1                       ; Type: PT_LOAD
    22 00000038 00000000                    dd 0                       ; Offset
    23 0000003C [00000000]                  dd $$                      ; Virtual Address
    24 00000040 [00000000]                  dd $$                      ; Physical Address
    25 00000044 66000000                    dd filesize                ; File size
    26 00000048 66000000                    dd filesize                ; Memory size
    27 0000004C 05000000                    dd 5                       ; Flags: R + X
    28 00000050 00100000                    dd 0x1000                  ; Alignment
    29                                  
    30                                  ; Code (18 bytes)
    31                                  _start:
    32 00000054 B004                        mov al, 4                  ; sys_write
    33 00000056 31DB                        xor ebx, ebx               ; stdout=0
    34 00000058 43                          inc ebx                    ; stdout=1
    35 00000059 B9[64000000]                mov ecx, msg               ; Pointer to message
    36 0000005E B202                        mov dl, msglen             ; Message length
    37 00000060 CD80                        int 0x80                   ; syscall
    38 00000062 EBF0                        jmp short _start           ; Loop back to the start
    39                                  
    40                                  ; Data (2 bytes)
    41 00000064 790A                    msg:    db "y", 0x0A
    42                                  msglen equ $ - msg
    43                                  filesize equ $ - $$
